<?xml version="1.0" encoding="UTF-8"?>
<testng-results ignored="0" total="1" passed="1" failed="0" skipped="0">
  <reporter-output>
  </reporter-output>
  <suite started-at="2024-01-16T09:19:31 IST" name="Default suite" finished-at="2024-01-16T09:19:47 IST" duration-ms="15885">
    <groups>
    </groups>
    <test started-at="2024-01-16T09:19:31 IST" name="Default test" finished-at="2024-01-16T09:19:47 IST" duration-ms="15885">
      <class name="basic.TestAmazonSearch">
        <test-method is-config="true" signature="setUp()[pri:0, instance:basic.TestAmazonSearch@70ed52de]" started-at="2024-01-16T09:19:31 IST" name="setUp" finished-at="2024-01-16T09:19:32 IST" duration-ms="1399" status="PASS">
          <reporter-output>
          </reporter-output>
        </test-method> <!-- setUp -->
        <test-method signature="performTest()[pri:0, instance:basic.TestAmazonSearch@70ed52de]" started-at="2024-01-16T09:19:32 IST" name="performTest" finished-at="2024-01-16T09:19:47 IST" duration-ms="14457" status="PASS">
          <reporter-output>
          </reporter-output>
        </test-method> <!-- performTest -->
      </class> <!-- basic.TestAmazonSearch -->
    </test> <!-- Default test -->
  </suite> <!-- Default suite -->
</testng-results>
