<?xml version="1.0" encoding="UTF-8"?>
<testng-results ignored="0" total="1" passed="1" failed="0" skipped="0">
  <reporter-output>
  </reporter-output>
  <suite started-at="2024-01-16T09:37:49 IST" name="Surefire suite" finished-at="2024-01-16T09:38:25 IST" duration-ms="35555">
    <groups>
    </groups>
    <test started-at="2024-01-16T09:37:49 IST" name="Surefire test" finished-at="2024-01-16T09:38:25 IST" duration-ms="35555">
      <class name="basic.TestAmazonSearch">
        <test-method is-config="true" signature="setUp()[pri:0, instance:basic.TestAmazonSearch@fba92d3]" started-at="2024-01-16T09:37:49 IST" name="setUp" finished-at="2024-01-16T09:37:52 IST" duration-ms="3102" status="PASS">
          <reporter-output>
          </reporter-output>
        </test-method> <!-- setUp -->
        <test-method signature="performTest()[pri:0, instance:basic.TestAmazonSearch@fba92d3]" started-at="2024-01-16T09:37:52 IST" name="performTest" finished-at="2024-01-16T09:38:25 IST" duration-ms="32427" status="PASS">
          <reporter-output>
          </reporter-output>
        </test-method> <!-- performTest -->
      </class> <!-- basic.TestAmazonSearch -->
    </test> <!-- Surefire test -->
  </suite> <!-- Surefire suite -->
</testng-results>
